<?xml version="1.0" encoding="UTF-8"?>
<!-- Generated by org.testng.reporters.JUnitXMLReporter -->
<testsuite ignored="0" hostname="LPT3205" failures="2" tests="2" name="regressionTest" time="0.766" errors="0" timestamp="2020-08-19T11:43:50 BST">
  <testcase classname="nhs.eddi.uitests.testfiles.SimpleTest" name="searchGoogleTest" time="0.727">
    <failure type="java.lang.AssertionError" message="Assert fail">
      <![CDATA[java.lang.AssertionError: Assert fail
at nhs.eddi.uitests.testfiles.SimpleTest.searchGoogleTest(SimpleTest.java:19)
at java.base/java.util.ArrayList.forEach(ArrayList.java:1540)
... Removed 32 stack frames]]>
    </failure>
  </testcase> <!-- searchGoogleTest -->
  <testcase classname="nhs.eddi.uitests.testfiles.SimpleTest" name="searchGoogleTest" time="0.752">
    <failure type="java.lang.NullPointerException">
      <![CDATA[java.lang.NullPointerException
at nhs.eddi.uitests.common.TestListener.takeScreenShot(TestListener.java:31)
at nhs.eddi.uitests.common.TestListener.onTestFailure(TestListener.java:27)
at java.base/java.util.ArrayList.forEach(ArrayList.java:1540)
... Removed 28 stack frames]]>
    </failure>
  </testcase> <!-- searchGoogleTest -->
</testsuite> <!-- regressionTest -->
